<?xml version="1.0" encoding="UTF-8"?>
<!-- Generated by org.testng.reporters.JUnitReportReporter -->
<testsuite hostname="HYHY" failures="0" tests="3" name="Testcases.ButtonClickTest" time="6.794" errors="0" timestamp="2023-06-15T20:55:59 ICT" skipped="0">
  <testcase classname="Testcases.ButtonClickTest" name="navigateToButtonPage" time="0.237"/>
  <system-out/>
  <testcase classname="Testcases.ButtonClickTest" name="check_general_infor" time="1.191"/>
  <system-out/>
  <testcase classname="Testcases.ButtonClickTest" name="check_thumbnail_sections" time="5.366"/>
  <system-out/>
</testsuite> <!-- Testcases.ButtonClickTest -->
