<?xml version="1.0" encoding="UTF-8"?>
<!-- Generated by org.testng.reporters.JUnitReportReporter -->
<testsuite hostname="HYHY" failures="0" tests="3" name="Testcases.ButtonClickTest" time="7.374" errors="0" timestamp="2023-06-15T20:11:40 ICT" skipped="0">
  <testcase classname="Testcases.ButtonClickTest" name="navigateToButtonPage" time="0.237"/>
  <system-out/>
  <testcase classname="Testcases.ButtonClickTest" name="check_general_infor" time="1.167"/>
  <system-out/>
  <testcase classname="Testcases.ButtonClickTest" name="check_thumbnail_sections" time="5.970"/>
  <system-out/>
</testsuite> <!-- Testcases.ButtonClickTest -->
